Watching for file changes with StatReloader
[08/Feb/2026 16:12:27] "GET / HTTP/1.1" 200 523
[08/Feb/2026 16:12:35] "GET / HTTP/1.1" 200 11271
[08/Feb/2026 16:12:35] "GET /static/rest_framework/css/prettify.css HTTP/1.1" 304 0
[08/Feb/2026 16:12:35] "GET /static/rest_framework/css/bootstrap.min.css HTTP/1.1" 304 0
[08/Feb/2026 16:12:35] "GET /static/rest_framework/css/bootstrap-tweaks.css HTTP/1.1" 304 0
[08/Feb/2026 16:12:35] "GET /static/rest_framework/css/default.css HTTP/1.1" 304 0
[08/Feb/2026 16:12:35] "GET /static/rest_framework/js/jquery-3.7.1.min.js HTTP/1.1" 304 0
[08/Feb/2026 16:12:35] "GET /static/rest_framework/img/grid.png HTTP/1.1" 304 0
[08/Feb/2026 16:12:35] "GET /static/rest_framework/js/ajax-form.js HTTP/1.1" 304 0
[08/Feb/2026 16:12:35] "GET /static/rest_framework/js/csrf.js HTTP/1.1" 304 0
[08/Feb/2026 16:12:35] "GET /static/rest_framework/js/bootstrap.min.js HTTP/1.1" 304 0
[08/Feb/2026 16:12:36] "GET /static/rest_framework/js/prettify-min.js HTTP/1.1" 304 0
[08/Feb/2026 16:12:36] "GET /static/rest_framework/js/default.js HTTP/1.1" 304 0
[08/Feb/2026 16:12:36] "GET /static/rest_framework/js/load-ajax-form.js HTTP/1.1" 304 0
[08/Feb/2026 16:12:40] "GET /api/hero-banners/current/ HTTP/1.1" 200 2
Unauthorized: /api/products/
Unauthorized: /api/categories/
Unauthorized: /api/reviews/
[08/Feb/2026 16:12:40] "GET /api/products/ HTTP/1.1" 401 275
[08/Feb/2026 16:12:40] "GET /api/categories/ HTTP/1.1" 401 275
[08/Feb/2026 16:12:40] "GET /api/reviews/ HTTP/1.1" 401 275
[08/Feb/2026 16:12:49] "GET /admin/ HTTP/1.1" 302 0
[08/Feb/2026 16:12:49] "GET /admin/login/?next=/admin/ HTTP/1.1" 200 4354
[08/Feb/2026 16:12:54] "POST /admin/login/?next=/admin/ HTTP/1.1" 302 0
[08/Feb/2026 16:12:54] "GET /admin/ HTTP/1.1" 200 14865
[08/Feb/2026 16:12:56] "GET /admin/shop/product/ HTTP/1.1" 200 54561
[08/Feb/2026 16:12:56] "GET /admin/jsi18n/ HTTP/1.1" 200 17546
[08/Feb/2026 16:13:07] "GET /admin/auth/user/ HTTP/1.1" 200 15954
[08/Feb/2026 16:13:07] "GET /admin/jsi18n/ HTTP/1.1" 200 17546
[08/Feb/2026 16:13:10] "GET /admin/ HTTP/1.1" 200 14865
